#! /usr/local/Cellar/icarus-verilog/10.3/bin/vvp
:ivl_version "10.3 (stable)" "(v10_3)";
:ivl_delay_selection "TYPICAL";
:vpi_time_precision - 12;
:vpi_module "system";
:vpi_module "vhdl_sys";
:vpi_module "v2005_math";
:vpi_module "va_math";
S_0x7fdfcc413c30 .scope module, "InstructionMemory" "InstructionMemory" 2 21;
 .timescale -9 -12;
    .port_info 0 /INPUT 1 "RW"
    .port_info 1 /INPUT 32 "IAddr"
    .port_info 2 /OUTPUT 32 "IDataOut"
o0x107fec008 .functor BUFZ 32, C4<zzzzzzzzzzzzzzzzzzzzzzzzzzzzzzzz>; HiZ drive
v0x7fdfcc413d90_0 .net "IAddr", 31 0, o0x107fec008;  0 drivers
v0x7fdfcc423c40_0 .net "IDataOut", 31 0, L_0x7fdfcc425660;  1 drivers
v0x7fdfcc423ce0 .array "InsMEM", 0 127, 7 0;
o0x107fec068 .functor BUFZ 1, C4<z>; HiZ drive
v0x7fdfcc423d90_0 .net "RW", 0 0, o0x107fec068;  0 drivers
v0x7fdfcc423e20_0 .net *"_s0", 7 0, L_0x7fdfcc424ad0;  1 drivers
v0x7fdfcc423f10_0 .net *"_s10", 32 0, L_0x7fdfcc424dc0;  1 drivers
v0x7fdfcc423fc0_0 .net *"_s12", 7 0, L_0x7fdfcc424f40;  1 drivers
v0x7fdfcc424070_0 .net *"_s14", 32 0, L_0x7fdfcc425010;  1 drivers
L_0x10801d098 .functor BUFT 1, C4<0>, C4<0>, C4<0>, C4<0>;
v0x7fdfcc424120_0 .net *"_s17", 0 0, L_0x10801d098;  1 drivers
L_0x10801d0e0 .functor BUFT 1, C4<000000000000000000000000000000010>, C4<0>, C4<0>, C4<0>;
v0x7fdfcc424230_0 .net/2u *"_s18", 32 0, L_0x10801d0e0;  1 drivers
v0x7fdfcc4242e0_0 .net *"_s2", 7 0, L_0x7fdfcc424b70;  1 drivers
v0x7fdfcc424390_0 .net *"_s20", 32 0, L_0x7fdfcc425110;  1 drivers
v0x7fdfcc424440_0 .net *"_s22", 7 0, L_0x7fdfcc4252d0;  1 drivers
v0x7fdfcc4244f0_0 .net *"_s24", 32 0, L_0x7fdfcc425370;  1 drivers
L_0x10801d128 .functor BUFT 1, C4<0>, C4<0>, C4<0>, C4<0>;
v0x7fdfcc4245a0_0 .net *"_s27", 0 0, L_0x10801d128;  1 drivers
L_0x10801d170 .functor BUFT 1, C4<000000000000000000000000000000011>, C4<0>, C4<0>, C4<0>;
v0x7fdfcc424650_0 .net/2u *"_s28", 32 0, L_0x10801d170;  1 drivers
v0x7fdfcc424700_0 .net *"_s30", 32 0, L_0x7fdfcc4254e0;  1 drivers
v0x7fdfcc424890_0 .net *"_s4", 32 0, L_0x7fdfcc424c10;  1 drivers
L_0x10801d008 .functor BUFT 1, C4<0>, C4<0>, C4<0>, C4<0>;
v0x7fdfcc424920_0 .net *"_s7", 0 0, L_0x10801d008;  1 drivers
L_0x10801d050 .functor BUFT 1, C4<000000000000000000000000000000001>, C4<0>, C4<0>, C4<0>;
v0x7fdfcc4249d0_0 .net/2u *"_s8", 32 0, L_0x10801d050;  1 drivers
L_0x7fdfcc424ad0 .array/port v0x7fdfcc423ce0, o0x107fec008;
L_0x7fdfcc424b70 .array/port v0x7fdfcc423ce0, L_0x7fdfcc424dc0;
L_0x7fdfcc424c10 .concat [ 32 1 0 0], o0x107fec008, L_0x10801d008;
L_0x7fdfcc424dc0 .arith/sum 33, L_0x7fdfcc424c10, L_0x10801d050;
L_0x7fdfcc424f40 .array/port v0x7fdfcc423ce0, L_0x7fdfcc425110;
L_0x7fdfcc425010 .concat [ 32 1 0 0], o0x107fec008, L_0x10801d098;
L_0x7fdfcc425110 .arith/sum 33, L_0x7fdfcc425010, L_0x10801d0e0;
L_0x7fdfcc4252d0 .array/port v0x7fdfcc423ce0, L_0x7fdfcc4254e0;
L_0x7fdfcc425370 .concat [ 32 1 0 0], o0x107fec008, L_0x10801d128;
L_0x7fdfcc4254e0 .arith/sum 33, L_0x7fdfcc425370, L_0x10801d170;
L_0x7fdfcc425660 .concat [ 8 8 8 8], L_0x7fdfcc4252d0, L_0x7fdfcc424f40, L_0x7fdfcc424b70, L_0x7fdfcc424ad0;
    .scope S_0x7fdfcc413c30;
T_0 ;
    %pushi/vec4 0, 0, 8;
    %ix/load 4, 0, 0;
    %flag_set/imm 4, 0;
    %store/vec4a v0x7fdfcc423ce0, 4, 0;
    %pushi/vec4 34, 0, 8;
    %ix/load 4, 1, 0;
    %flag_set/imm 4, 0;
    %store/vec4a v0x7fdfcc423ce0, 4, 0;
    %pushi/vec4 24, 0, 8;
    %ix/load 4, 2, 0;
    %flag_set/imm 4, 0;
    %store/vec4a v0x7fdfcc423ce0, 4, 0;
    %pushi/vec4 0, 0, 8;
    %ix/load 4, 3, 0;
    %flag_set/imm 4, 0;
    %store/vec4a v0x7fdfcc423ce0, 4, 0;
    %pushi/vec4 68, 0, 8;
    %ix/load 4, 4, 0;
    %flag_set/imm 4, 0;
    %store/vec4a v0x7fdfcc423ce0, 4, 0;
    %pushi/vec4 34, 0, 8;
    %ix/load 4, 5, 0;
    %flag_set/imm 4, 0;
    %store/vec4a v0x7fdfcc423ce0, 4, 0;
    %pushi/vec4 32, 0, 8;
    %ix/load 4, 6, 0;
    %flag_set/imm 4, 0;
    %store/vec4a v0x7fdfcc423ce0, 4, 0;
    %pushi/vec4 0, 0, 8;
    %ix/load 4, 7, 0;
    %flag_set/imm 4, 0;
    %store/vec4a v0x7fdfcc423ce0, 4, 0;
    %pushi/vec4 4, 0, 8;
    %ix/load 4, 12, 0;
    %flag_set/imm 4, 0;
    %store/vec4a v0x7fdfcc423ce0, 4, 0;
    %pushi/vec4 65, 0, 8;
    %ix/load 4, 13, 0;
    %flag_set/imm 4, 0;
    %store/vec4a v0x7fdfcc423ce0, 4, 0;
    %pushi/vec4 40, 0, 8;
    %ix/load 4, 14, 0;
    %flag_set/imm 4, 0;
    %store/vec4a v0x7fdfcc423ce0, 4, 0;
    %pushi/vec4 0, 0, 8;
    %ix/load 4, 15, 0;
    %flag_set/imm 4, 0;
    %store/vec4a v0x7fdfcc423ce0, 4, 0;
    %pushi/vec4 72, 0, 8;
    %ix/load 4, 20, 0;
    %flag_set/imm 4, 0;
    %store/vec4a v0x7fdfcc423ce0, 4, 0;
    %pushi/vec4 34, 0, 8;
    %ix/load 4, 21, 0;
    %flag_set/imm 4, 0;
    %store/vec4a v0x7fdfcc423ce0, 4, 0;
    %pushi/vec4 64, 0, 8;
    %ix/load 4, 22, 0;
    %flag_set/imm 4, 0;
    %store/vec4a v0x7fdfcc423ce0, 4, 0;
    %pushi/vec4 0, 0, 8;
    %ix/load 4, 23, 0;
    %flag_set/imm 4, 0;
    %store/vec4a v0x7fdfcc423ce0, 4, 0;
    %pushi/vec4 192, 0, 8;
    %ix/load 4, 24, 0;
    %flag_set/imm 4, 0;
    %store/vec4a v0x7fdfcc423ce0, 4, 0;
    %pushi/vec4 34, 0, 8;
    %ix/load 4, 25, 0;
    %flag_set/imm 4, 0;
    %store/vec4a v0x7fdfcc423ce0, 4, 0;
    %pushi/vec4 0, 0, 8;
    %ix/load 4, 26, 0;
    %flag_set/imm 4, 0;
    %store/vec4a v0x7fdfcc423ce0, 4, 0;
    %pushi/vec4 4, 0, 8;
    %ix/load 4, 27, 0;
    %flag_set/imm 4, 0;
    %store/vec4a v0x7fdfcc423ce0, 4, 0;
    %pushi/vec4 129, 0, 8;
    %ix/load 4, 28, 0;
    %flag_set/imm 4, 0;
    %store/vec4a v0x7fdfcc423ce0, 4, 0;
    %pushi/vec4 0, 0, 8;
    %ix/load 4, 29, 0;
    %flag_set/imm 4, 0;
    %store/vec4a v0x7fdfcc423ce0, 4, 0;
    %pushi/vec4 88, 0, 8;
    %ix/load 4, 30, 0;
    %flag_set/imm 4, 0;
    %store/vec4a v0x7fdfcc423ce0, 4, 0;
    %pushi/vec4 0, 0, 8;
    %ix/load 4, 31, 0;
    %flag_set/imm 4, 0;
    %store/vec4a v0x7fdfcc423ce0, 4, 0;
    %pushi/vec4 152, 0, 8;
    %ix/load 4, 32, 0;
    %flag_set/imm 4, 0;
    %store/vec4a v0x7fdfcc423ce0, 4, 0;
    %pushi/vec4 34, 0, 8;
    %ix/load 4, 33, 0;
    %flag_set/imm 4, 0;
    %store/vec4a v0x7fdfcc423ce0, 4, 0;
    %pushi/vec4 1, 0, 8;
    %ix/load 4, 34, 0;
    %flag_set/imm 4, 0;
    %store/vec4a v0x7fdfcc423ce0, 4, 0;
    %pushi/vec4 44, 0, 8;
    %ix/load 4, 35, 0;
    %flag_set/imm 4, 0;
    %store/vec4a v0x7fdfcc423ce0, 4, 0;
    %pushi/vec4 156, 0, 8;
    %ix/load 4, 36, 0;
    %flag_set/imm 4, 0;
    %store/vec4a v0x7fdfcc423ce0, 4, 0;
    %pushi/vec4 65, 0, 8;
    %ix/load 4, 37, 0;
    %flag_set/imm 4, 0;
    %store/vec4a v0x7fdfcc423ce0, 4, 0;
    %pushi/vec4 1, 0, 8;
    %ix/load 4, 38, 0;
    %flag_set/imm 4, 0;
    %store/vec4a v0x7fdfcc423ce0, 4, 0;
    %pushi/vec4 42, 0, 8;
    %ix/load 4, 39, 0;
    %flag_set/imm 4, 0;
    %store/vec4a v0x7fdfcc423ce0, 4, 0;
    %pushi/vec4 192, 0, 8;
    %ix/load 4, 40, 0;
    %flag_set/imm 4, 0;
    %store/vec4a v0x7fdfcc423ce0, 4, 0;
    %pushi/vec4 34, 0, 8;
    %ix/load 4, 41, 0;
    %flag_set/imm 4, 0;
    %store/vec4a v0x7fdfcc423ce0, 4, 0;
    %pushi/vec4 255, 0, 8;
    %ix/load 4, 42, 0;
    %flag_set/imm 4, 0;
    %store/vec4a v0x7fdfcc423ce0, 4, 0;
    %pushi/vec4 251, 0, 8;
    %ix/load 4, 43, 0;
    %flag_set/imm 4, 0;
    %store/vec4a v0x7fdfcc423ce0, 4, 0;
    %pushi/vec4 252, 0, 8;
    %ix/load 4, 44, 0;
    %flag_set/imm 4, 0;
    %store/vec4a v0x7fdfcc423ce0, 4, 0;
    %pushi/vec4 0, 0, 8;
    %ix/load 4, 45, 0;
    %flag_set/imm 4, 0;
    %store/vec4a v0x7fdfcc423ce0, 4, 0;
    %pushi/vec4 0, 0, 8;
    %ix/load 4, 46, 0;
    %flag_set/imm 4, 0;
    %store/vec4a v0x7fdfcc423ce0, 4, 0;
    %pushi/vec4 0, 0, 8;
    %ix/load 4, 47, 0;
    %flag_set/imm 4, 0;
    %store/vec4a v0x7fdfcc423ce0, 4, 0;
    %pushi/vec4 72, 0, 8;
    %ix/load 4, 48, 0;
    %flag_set/imm 4, 0;
    %store/vec4a v0x7fdfcc423ce0, 4, 0;
    %pushi/vec4 34, 0, 8;
    %ix/load 4, 49, 0;
    %flag_set/imm 4, 0;
    %store/vec4a v0x7fdfcc423ce0, 4, 0;
    %pushi/vec4 24, 0, 8;
    %ix/load 4, 50, 0;
    %flag_set/imm 4, 0;
    %store/vec4a v0x7fdfcc423ce0, 4, 0;
    %pushi/vec4 0, 0, 8;
    %ix/load 4, 51, 0;
    %flag_set/imm 4, 0;
    %store/vec4a v0x7fdfcc423ce0, 4, 0;
    %end;
    .thread T_0;
# The file index is used to find the file name in the following table.
:file_names 3;
    "N/A";
    "<interactive>";
    "InstructionMemory.v";
